16:24:02.331 [main] INFO  testCases.TC_0001_EventCreateDelete - Username Entered
16:24:02.600 [main] INFO  testCases.TC_0001_EventCreateDelete - Password Entered
16:24:07.078 [main] INFO  testCases.TC_0001_EventCreateDelete - Clicked on Login Button
16:24:07.110 [main] INFO  testCases.TC_0001_EventCreateDelete - *** Starting TC_0001_Event_Creation_Deletion ***
16:24:07.240 [main] INFO  testCases.TC_0001_EventCreateDelete - Event Menu Clicked
16:24:07.427 [main] INFO  testCases.TC_0001_EventCreateDelete - Event List SubMenu Clicked
16:24:07.921 [main] INFO  testCases.TC_0001_EventCreateDelete - Clicked on Create Button in the Event List Page
16:24:13.662 [main] INFO  testCases.TC_0001_EventCreateDelete - Random Alphanumeric Event Name Entered
16:24:13.961 [main] INFO  testCases.TC_0001_EventCreateDelete - Today's Date Selected From Calender
16:24:14.170 [main] INFO  testCases.TC_0001_EventCreateDelete - Event Time Selected
16:24:19.550 [main] INFO  testCases.TC_0001_EventCreateDelete - Event Venue Added
16:24:24.905 [main] INFO  testCases.TC_0001_EventCreateDelete - Artist Name of the Event Added
16:24:30.021 [main] INFO  testCases.TC_0001_EventCreateDelete - Event is Saved Successfully
16:24:30.093 [main] INFO  testCases.TC_0001_EventCreateDelete - Clicked on Delete Button to Delete the Saved Event
16:24:31.655 [main] INFO  testCases.TC_0001_EventCreateDelete - Deletion of the Event is Confirmed
16:24:31.655 [main] INFO  testCases.TC_0001_EventCreateDelete - *** Finished TC_0001_Event_Creation_Deletion ***
16:24:34.201 [main] INFO  testCases.TC_0001_EventCreateDelete - Clicked on My Account Icon and subsequently Logout Link
16:24:45.033 [main] INFO  testCases.TC_0002_RegisterNewAdmin - Username Entered
16:24:45.215 [main] INFO  testCases.TC_0002_RegisterNewAdmin - Password Entered
16:24:48.321 [main] INFO  testCases.TC_0002_RegisterNewAdmin - Clicked on Login Button
16:24:49.169 [main] INFO  testCases.TC_0002_RegisterNewAdmin - *** Starting TC_0002_RegisterNewAdmin ***
16:24:49.405 [main] INFO  testCases.TC_0002_RegisterNewAdmin - Navigated to the Manager or Admin Page
16:24:50.010 [main] INFO  testCases.TC_0002_RegisterNewAdmin - Username is Set
16:24:50.135 [main] INFO  testCases.TC_0002_RegisterNewAdmin - Email is set
16:24:50.226 [main] INFO  testCases.TC_0002_RegisterNewAdmin - First Name is set
16:24:50.313 [main] INFO  testCases.TC_0002_RegisterNewAdmin - Last Name is set
16:24:50.399 [main] INFO  testCases.TC_0002_RegisterNewAdmin - Password is set
16:24:50.485 [main] INFO  testCases.TC_0002_RegisterNewAdmin - Password is reconfirmed
16:24:50.768 [main] INFO  testCases.TC_0002_RegisterNewAdmin - Authorization groups are selected
16:24:50.895 [main] INFO  testCases.TC_0002_RegisterNewAdmin - Admin Accont is created successfully
16:24:52.742 [main] INFO  testCases.TC_0002_RegisterNewAdmin - Admin is on administartion List page
16:24:53.473 [main] INFO  testCases.TC_0002_RegisterNewAdmin - Admin is searched using username on the administration list page
16:24:54.440 [main] INFO  testCases.TC_0002_RegisterNewAdmin - Newly created admin is deleted successfully
16:24:54.440 [main] INFO  testCases.TC_0002_RegisterNewAdmin - *** Finished TC_0002_RegisterNewAdmin ***
16:28:46.664 [main] INFO  testCases.TC_0001_EventCreateDelete - Username Entered
16:28:46.803 [main] INFO  testCases.TC_0001_EventCreateDelete - Password Entered
16:28:52.176 [main] INFO  testCases.TC_0001_EventCreateDelete - Clicked on Login Button
16:28:52.232 [main] INFO  testCases.TC_0001_EventCreateDelete - *** Starting TC_0001_Event_Creation_Deletion ***
16:28:52.444 [main] INFO  testCases.TC_0001_EventCreateDelete - Event Menu Clicked
16:28:52.638 [main] INFO  testCases.TC_0001_EventCreateDelete - Event List SubMenu Clicked
16:28:53.176 [main] INFO  testCases.TC_0001_EventCreateDelete - Clicked on Create Button in the Event List Page
16:29:00.116 [main] INFO  testCases.TC_0001_EventCreateDelete - Random Alphanumeric Event Name Entered
16:29:00.354 [main] INFO  testCases.TC_0001_EventCreateDelete - Today's Date Selected From Calender
16:29:00.591 [main] INFO  testCases.TC_0001_EventCreateDelete - Event Time Selected
16:29:06.020 [main] INFO  testCases.TC_0001_EventCreateDelete - Event Venue Added
16:29:11.344 [main] INFO  testCases.TC_0001_EventCreateDelete - Artist Name of the Event Added
16:29:16.456 [main] INFO  testCases.TC_0001_EventCreateDelete - Event is Saved Successfully
16:29:16.531 [main] INFO  testCases.TC_0001_EventCreateDelete - Clicked on Delete Button to Delete the Saved Event
16:29:17.693 [main] INFO  testCases.TC_0001_EventCreateDelete - Deletion of the Event is Confirmed
16:29:17.693 [main] INFO  testCases.TC_0001_EventCreateDelete - *** Finished TC_0001_Event_Creation_Deletion ***
16:29:20.396 [main] INFO  testCases.TC_0001_EventCreateDelete - Clicked on My Account Icon and subsequently Logout Link
16:29:35.112 [main] INFO  testCases.TC_0002_RegisterNewAdmin - Username Entered
16:29:35.194 [main] INFO  testCases.TC_0002_RegisterNewAdmin - Password Entered
16:29:39.744 [main] INFO  testCases.TC_0002_RegisterNewAdmin - Clicked on Login Button
16:29:40.644 [main] INFO  testCases.TC_0002_RegisterNewAdmin - *** Starting TC_0002_RegisterNewAdmin ***
16:29:40.871 [main] INFO  testCases.TC_0002_RegisterNewAdmin - Navigated to the Manager or Admin Page
16:29:41.441 [main] INFO  testCases.TC_0002_RegisterNewAdmin - Username is Set
16:29:41.579 [main] INFO  testCases.TC_0002_RegisterNewAdmin - Email is set
16:29:41.664 [main] INFO  testCases.TC_0002_RegisterNewAdmin - First Name is set
16:29:41.744 [main] INFO  testCases.TC_0002_RegisterNewAdmin - Last Name is set
16:29:41.823 [main] INFO  testCases.TC_0002_RegisterNewAdmin - Password is set
16:29:41.970 [main] INFO  testCases.TC_0002_RegisterNewAdmin - Password is reconfirmed
16:29:42.211 [main] INFO  testCases.TC_0002_RegisterNewAdmin - Authorization groups are selected
16:29:42.310 [main] INFO  testCases.TC_0002_RegisterNewAdmin - Admin Accont is created successfully
16:29:43.886 [main] INFO  testCases.TC_0002_RegisterNewAdmin - Admin is on administartion List page
16:29:44.186 [main] INFO  testCases.TC_0002_RegisterNewAdmin - Admin is searched using username on the administration list page
16:29:45.236 [main] INFO  testCases.TC_0002_RegisterNewAdmin - Newly created admin is deleted successfully
16:29:45.236 [main] INFO  testCases.TC_0002_RegisterNewAdmin - *** Finished TC_0002_RegisterNewAdmin ***
16:29:47.452 [main] INFO  testCases.TC_0002_RegisterNewAdmin - Clicked on My Account Icon and subsequently Logout Link
16:30:20.191 [main] INFO  testCases.TC_0001_EventCreateDelete - Username Entered
16:30:20.348 [main] INFO  testCases.TC_0001_EventCreateDelete - Password Entered
16:30:23.351 [main] INFO  testCases.TC_0001_EventCreateDelete - Clicked on Login Button
16:30:23.373 [main] INFO  testCases.TC_0001_EventCreateDelete - *** Starting TC_0001_Event_Creation_Deletion ***
16:30:23.499 [main] INFO  testCases.TC_0001_EventCreateDelete - Event Menu Clicked
16:30:23.600 [main] INFO  testCases.TC_0001_EventCreateDelete - Event List SubMenu Clicked
16:30:24.070 [main] INFO  testCases.TC_0001_EventCreateDelete - Clicked on Create Button in the Event List Page
16:30:26.322 [main] INFO  testCases.TC_0001_EventCreateDelete - Random Alphanumeric Event Name Entered
16:30:26.683 [main] INFO  testCases.TC_0001_EventCreateDelete - Today's Date Selected From Calender
16:30:26.909 [main] INFO  testCases.TC_0001_EventCreateDelete - Event Time Selected
16:30:32.448 [main] INFO  testCases.TC_0001_EventCreateDelete - Event Venue Added
16:30:37.890 [main] INFO  testCases.TC_0001_EventCreateDelete - Artist Name of the Event Added
16:30:43.044 [main] INFO  testCases.TC_0001_EventCreateDelete - Event is Saved Successfully
16:30:43.167 [main] INFO  testCases.TC_0001_EventCreateDelete - Clicked on Delete Button to Delete the Saved Event
16:30:44.084 [main] INFO  testCases.TC_0001_EventCreateDelete - Deletion of the Event is Confirmed
16:30:44.084 [main] INFO  testCases.TC_0001_EventCreateDelete - *** Finished TC_0001_Event_Creation_Deletion ***
16:30:46.728 [main] INFO  testCases.TC_0001_EventCreateDelete - Clicked on My Account Icon and subsequently Logout Link
16:30:57.760 [main] INFO  testCases.TC_0002_RegisterNewAdmin - Username Entered
16:30:57.842 [main] INFO  testCases.TC_0002_RegisterNewAdmin - Password Entered
16:31:00.911 [main] INFO  testCases.TC_0002_RegisterNewAdmin - Clicked on Login Button
16:31:01.830 [main] INFO  testCases.TC_0002_RegisterNewAdmin - *** Starting TC_0002_RegisterNewAdmin ***
16:31:02.063 [main] INFO  testCases.TC_0002_RegisterNewAdmin - Navigated to the Manager or Admin Page
16:31:02.560 [main] INFO  testCases.TC_0002_RegisterNewAdmin - Username is Set
16:31:02.764 [main] INFO  testCases.TC_0002_RegisterNewAdmin - Email is set
16:31:02.850 [main] INFO  testCases.TC_0002_RegisterNewAdmin - First Name is set
16:31:02.935 [main] INFO  testCases.TC_0002_RegisterNewAdmin - Last Name is set
16:31:03.016 [main] INFO  testCases.TC_0002_RegisterNewAdmin - Password is set
16:31:03.102 [main] INFO  testCases.TC_0002_RegisterNewAdmin - Password is reconfirmed
16:31:03.421 [main] INFO  testCases.TC_0002_RegisterNewAdmin - Authorization groups are selected
16:31:03.594 [main] INFO  testCases.TC_0002_RegisterNewAdmin - Admin Accont is created successfully
16:31:05.182 [main] INFO  testCases.TC_0002_RegisterNewAdmin - Admin is on administartion List page
16:31:05.427 [main] INFO  testCases.TC_0002_RegisterNewAdmin - Admin is searched using username on the administration list page
16:31:06.398 [main] INFO  testCases.TC_0002_RegisterNewAdmin - Newly created admin is deleted successfully
16:31:06.399 [main] INFO  testCases.TC_0002_RegisterNewAdmin - *** Finished TC_0002_RegisterNewAdmin ***
17:04:44.855 [main] INFO  testCases.TC_0001_EventCreateDelete - Username Entered
17:04:45.022 [main] INFO  testCases.TC_0001_EventCreateDelete - Password Entered
17:04:48.881 [main] INFO  testCases.TC_0001_EventCreateDelete - Clicked on Login Button
17:04:48.904 [main] INFO  testCases.TC_0001_EventCreateDelete - *** Starting TC_0001_Event_Creation_Deletion ***
17:04:48.979 [main] INFO  testCases.TC_0001_EventCreateDelete - Event Menu Clicked
17:04:49.054 [main] INFO  testCases.TC_0001_EventCreateDelete - Event List SubMenu Clicked
17:04:49.603 [main] INFO  testCases.TC_0001_EventCreateDelete - Clicked on Create Button in the Event List Page
17:04:56.181 [main] INFO  testCases.TC_0001_EventCreateDelete - Random Alphanumeric Event Name Entered
17:04:56.472 [main] INFO  testCases.TC_0001_EventCreateDelete - Today's Date Selected From Calender
17:04:56.653 [main] INFO  testCases.TC_0001_EventCreateDelete - Event Time Selected
17:05:02.168 [main] INFO  testCases.TC_0001_EventCreateDelete - Event Venue Added
17:05:07.626 [main] INFO  testCases.TC_0001_EventCreateDelete - Artist Name of the Event Added
17:05:12.806 [main] INFO  testCases.TC_0001_EventCreateDelete - Event is Saved Successfully
17:05:13.005 [main] INFO  testCases.TC_0001_EventCreateDelete - Clicked on Delete Button to Delete the Saved Event
17:05:13.688 [main] INFO  testCases.TC_0001_EventCreateDelete - Deletion of the Event is Confirmed
17:05:13.688 [main] INFO  testCases.TC_0001_EventCreateDelete - *** Finished TC_0001_Event_Creation_Deletion ***
17:05:16.096 [main] INFO  testCases.TC_0001_EventCreateDelete - Clicked on My Account Icon and subsequently Logout Link
17:05:28.007 [main] INFO  testCases.TC_0002_RegisterNewAdmin - Username Entered
17:05:28.265 [main] INFO  testCases.TC_0002_RegisterNewAdmin - Password Entered
17:05:31.211 [main] INFO  testCases.TC_0002_RegisterNewAdmin - Clicked on Login Button
17:05:38.512 [main] INFO  testCases.TC_0002_RegisterNewAdmin - *** Starting TC_0002_RegisterNewAdmin ***
17:05:38.925 [main] INFO  testCases.TC_0002_RegisterNewAdmin - Navigated to the Manager or Admin Page
17:05:40.032 [main] INFO  testCases.TC_0002_RegisterNewAdmin - Username is Set
17:05:40.233 [main] INFO  testCases.TC_0002_RegisterNewAdmin - Email is set
17:05:40.322 [main] INFO  testCases.TC_0002_RegisterNewAdmin - First Name is set
17:05:40.405 [main] INFO  testCases.TC_0002_RegisterNewAdmin - Last Name is set
17:05:40.495 [main] INFO  testCases.TC_0002_RegisterNewAdmin - Password is set
17:05:40.690 [main] INFO  testCases.TC_0002_RegisterNewAdmin - Password is reconfirmed
17:05:41.190 [main] INFO  testCases.TC_0002_RegisterNewAdmin - Authorization groups are selected
17:05:41.353 [main] INFO  testCases.TC_0002_RegisterNewAdmin - Admin Accont is created successfully
17:05:43.200 [main] INFO  testCases.TC_0002_RegisterNewAdmin - Admin is on administartion List page
17:05:43.421 [main] INFO  testCases.TC_0002_RegisterNewAdmin - Admin is searched using username on the administration list page
17:05:44.651 [main] INFO  testCases.TC_0002_RegisterNewAdmin - Newly created admin is deleted successfully
17:05:53.301 [main] INFO  testCases.TC_0002_RegisterNewAdmin - Clicked on My Account Icon and subsequently Logout Link
17:10:36.278 [main] INFO  testCases.TC_0001_EventCreateDelete - Username Entered
17:10:36.552 [main] INFO  testCases.TC_0001_EventCreateDelete - Password Entered
17:10:39.375 [main] INFO  testCases.TC_0001_EventCreateDelete - Clicked on Login Button
17:10:39.404 [main] INFO  testCases.TC_0001_EventCreateDelete - *** Starting TC_0001_Event_Creation_Deletion ***
17:10:39.526 [main] INFO  testCases.TC_0001_EventCreateDelete - Event Menu Clicked
17:10:39.694 [main] INFO  testCases.TC_0001_EventCreateDelete - Event List SubMenu Clicked
17:10:40.190 [main] INFO  testCases.TC_0001_EventCreateDelete - Clicked on Create Button in the Event List Page
17:10:43.722 [main] INFO  testCases.TC_0001_EventCreateDelete - Random Alphanumeric Event Name Entered
17:10:44.049 [main] INFO  testCases.TC_0001_EventCreateDelete - Today's Date Selected From Calender
17:10:44.365 [main] INFO  testCases.TC_0001_EventCreateDelete - Event Time Selected
17:10:49.856 [main] INFO  testCases.TC_0001_EventCreateDelete - Event Venue Added
17:10:55.186 [main] INFO  testCases.TC_0001_EventCreateDelete - Artist Name of the Event Added
17:11:00.398 [main] INFO  testCases.TC_0001_EventCreateDelete - Event is Saved Successfully
17:11:00.621 [main] INFO  testCases.TC_0001_EventCreateDelete - Clicked on Delete Button to Delete the Saved Event
17:11:01.413 [main] INFO  testCases.TC_0001_EventCreateDelete - Deletion of the Event is Confirmed
17:11:01.413 [main] INFO  testCases.TC_0001_EventCreateDelete - *** Finished TC_0001_Event_Creation_Deletion ***
17:11:03.797 [main] INFO  testCases.TC_0001_EventCreateDelete - Clicked on My Account Icon and subsequently Logout Link
17:11:16.359 [main] INFO  testCases.TC_0002_RegisterNewAdmin - Username Entered
17:11:16.609 [main] INFO  testCases.TC_0002_RegisterNewAdmin - Password Entered
17:11:20.562 [main] INFO  testCases.TC_0002_RegisterNewAdmin - Clicked on Login Button
17:11:21.501 [main] INFO  testCases.TC_0002_RegisterNewAdmin - *** Starting TC_0002_RegisterNewAdmin ***
17:11:21.723 [main] INFO  testCases.TC_0002_RegisterNewAdmin - Navigated to the Manager or Admin Page
17:11:22.423 [main] INFO  testCases.TC_0002_RegisterNewAdmin - Username is Set
17:11:22.687 [main] INFO  testCases.TC_0002_RegisterNewAdmin - Email is set
17:11:22.860 [main] INFO  testCases.TC_0002_RegisterNewAdmin - First Name is set
17:11:23.012 [main] INFO  testCases.TC_0002_RegisterNewAdmin - Last Name is set
17:11:23.114 [main] INFO  testCases.TC_0002_RegisterNewAdmin - Password is set
17:11:23.234 [main] INFO  testCases.TC_0002_RegisterNewAdmin - Password is reconfirmed
17:11:23.659 [main] INFO  testCases.TC_0002_RegisterNewAdmin - Authorization groups are selected
17:11:23.725 [main] INFO  testCases.TC_0002_RegisterNewAdmin - Admin Accont is created successfully
17:11:25.391 [main] INFO  testCases.TC_0002_RegisterNewAdmin - Admin is on administartion List page
17:11:25.637 [main] INFO  testCases.TC_0002_RegisterNewAdmin - Admin is searched using username on the administration list page
17:11:26.781 [main] INFO  testCases.TC_0002_RegisterNewAdmin - Newly created admin is deleted successfully
17:11:35.116 [main] INFO  testCases.TC_0002_RegisterNewAdmin - Clicked on My Account Icon and subsequently Logout Link
17:14:03.859 [main] INFO  testCases.TC_0001_EventCreateDelete - Username Entered
17:14:04.040 [main] INFO  testCases.TC_0001_EventCreateDelete - Password Entered
17:14:07.456 [main] INFO  testCases.TC_0001_EventCreateDelete - Clicked on Login Button
17:14:07.483 [main] INFO  testCases.TC_0001_EventCreateDelete - *** Starting TC_0001_Event_Creation_Deletion ***
17:14:07.641 [main] INFO  testCases.TC_0001_EventCreateDelete - Event Menu Clicked
17:14:07.780 [main] INFO  testCases.TC_0001_EventCreateDelete - Event List SubMenu Clicked
17:14:08.350 [main] INFO  testCases.TC_0001_EventCreateDelete - Clicked on Create Button in the Event List Page
17:14:10.574 [main] INFO  testCases.TC_0001_EventCreateDelete - Random Alphanumeric Event Name Entered
17:14:10.954 [main] INFO  testCases.TC_0001_EventCreateDelete - Today's Date Selected From Calender
17:14:11.204 [main] INFO  testCases.TC_0001_EventCreateDelete - Event Time Selected
17:14:16.566 [main] INFO  testCases.TC_0001_EventCreateDelete - Event Venue Added
17:14:22.024 [main] INFO  testCases.TC_0001_EventCreateDelete - Artist Name of the Event Added
17:14:27.186 [main] INFO  testCases.TC_0001_EventCreateDelete - Event is Saved Successfully
17:14:27.355 [main] INFO  testCases.TC_0001_EventCreateDelete - Clicked on Delete Button to Delete the Saved Event
17:14:28.208 [main] INFO  testCases.TC_0001_EventCreateDelete - Deletion of the Event is Confirmed
17:14:28.208 [main] INFO  testCases.TC_0001_EventCreateDelete - *** Finished TC_0001_Event_Creation_Deletion ***
17:14:30.388 [main] INFO  testCases.TC_0001_EventCreateDelete - Clicked on My Account Icon and subsequently Logout Link
17:14:42.842 [main] INFO  testCases.TC_0002_RegisterNewAdmin - Username Entered
17:14:43.090 [main] INFO  testCases.TC_0002_RegisterNewAdmin - Password Entered
17:14:45.523 [main] INFO  testCases.TC_0002_RegisterNewAdmin - Clicked on Login Button
17:14:46.612 [main] INFO  testCases.TC_0002_RegisterNewAdmin - *** Starting TC_0002_RegisterNewAdmin ***
17:14:46.854 [main] INFO  testCases.TC_0002_RegisterNewAdmin - Navigated to the Manager or Admin Page
17:14:47.466 [main] INFO  testCases.TC_0002_RegisterNewAdmin - Username is Set
17:14:47.595 [main] INFO  testCases.TC_0002_RegisterNewAdmin - Email is set
17:14:47.683 [main] INFO  testCases.TC_0002_RegisterNewAdmin - First Name is set
17:14:47.761 [main] INFO  testCases.TC_0002_RegisterNewAdmin - Last Name is set
17:14:47.845 [main] INFO  testCases.TC_0002_RegisterNewAdmin - Password is set
17:14:47.931 [main] INFO  testCases.TC_0002_RegisterNewAdmin - Password is reconfirmed
17:14:48.141 [main] INFO  testCases.TC_0002_RegisterNewAdmin - Authorization groups are selected
17:14:48.205 [main] INFO  testCases.TC_0002_RegisterNewAdmin - Admin Accont is created successfully
17:14:49.728 [main] INFO  testCases.TC_0002_RegisterNewAdmin - Admin is on administartion List page
17:14:49.886 [main] INFO  testCases.TC_0002_RegisterNewAdmin - Admin is searched using username on the administration list page
17:14:51.253 [main] INFO  testCases.TC_0002_RegisterNewAdmin - Newly created admin is deleted successfully
17:15:03.286 [main] INFO  testCases.TC_0002_RegisterNewAdmin - Clicked on My Account Icon and subsequently Logout Link
17:17:14.201 [main] INFO  testCases.TC_0001_EventCreateDelete - Username Entered
17:17:14.381 [main] INFO  testCases.TC_0001_EventCreateDelete - Password Entered
17:17:14.469 [main] INFO  testCases.TC_0001_EventCreateDelete - Clicked on Login Button
17:17:14.491 [main] INFO  testCases.TC_0001_EventCreateDelete - *** Starting TC_0001_Event_Creation_Deletion ***
17:17:16.791 [main] INFO  testCases.TC_0001_EventCreateDelete - Event Menu Clicked
17:17:17.003 [main] INFO  testCases.TC_0001_EventCreateDelete - Event List SubMenu Clicked
17:17:17.470 [main] INFO  testCases.TC_0001_EventCreateDelete - Clicked on Create Button in the Event List Page
17:17:20.145 [main] INFO  testCases.TC_0001_EventCreateDelete - Random Alphanumeric Event Name Entered
17:17:20.474 [main] INFO  testCases.TC_0001_EventCreateDelete - Today's Date Selected From Calender
17:17:20.647 [main] INFO  testCases.TC_0001_EventCreateDelete - Event Time Selected
17:17:26.148 [main] INFO  testCases.TC_0001_EventCreateDelete - Event Venue Added
17:17:31.459 [main] INFO  testCases.TC_0001_EventCreateDelete - Artist Name of the Event Added
17:17:36.620 [main] INFO  testCases.TC_0001_EventCreateDelete - Event is Saved Successfully
17:17:36.776 [main] INFO  testCases.TC_0001_EventCreateDelete - Clicked on Delete Button to Delete the Saved Event
17:17:37.649 [main] INFO  testCases.TC_0001_EventCreateDelete - Deletion of the Event is Confirmed
17:17:37.649 [main] INFO  testCases.TC_0001_EventCreateDelete - *** Finished TC_0001_Event_Creation_Deletion ***
17:17:39.950 [main] INFO  testCases.TC_0001_EventCreateDelete - Clicked on My Account Icon and subsequently Logout Link
17:17:52.009 [main] INFO  testCases.TC_0002_RegisterNewAdmin - Username Entered
17:17:52.260 [main] INFO  testCases.TC_0002_RegisterNewAdmin - Password Entered
17:17:52.411 [main] INFO  testCases.TC_0002_RegisterNewAdmin - Clicked on Login Button
17:17:53.474 [main] INFO  testCases.TC_0002_RegisterNewAdmin - *** Starting TC_0002_RegisterNewAdmin ***
17:17:55.120 [main] INFO  testCases.TC_0002_RegisterNewAdmin - Navigated to the Manager or Admin Page
17:17:55.972 [main] INFO  testCases.TC_0002_RegisterNewAdmin - Username is Set
17:17:56.255 [main] INFO  testCases.TC_0002_RegisterNewAdmin - Email is set
17:17:56.352 [main] INFO  testCases.TC_0002_RegisterNewAdmin - First Name is set
17:17:56.434 [main] INFO  testCases.TC_0002_RegisterNewAdmin - Last Name is set
17:17:56.512 [main] INFO  testCases.TC_0002_RegisterNewAdmin - Password is set
17:17:56.612 [main] INFO  testCases.TC_0002_RegisterNewAdmin - Password is reconfirmed
17:17:56.809 [main] INFO  testCases.TC_0002_RegisterNewAdmin - Authorization groups are selected
17:17:56.916 [main] INFO  testCases.TC_0002_RegisterNewAdmin - Admin Accont is created successfully
17:17:58.787 [main] INFO  testCases.TC_0002_RegisterNewAdmin - Admin is on administartion List page
17:17:59.084 [main] INFO  testCases.TC_0002_RegisterNewAdmin - Admin is searched using username on the administration list page
17:17:59.296 [main] INFO  testCases.TC_0002_RegisterNewAdmin - Newly created admin is deleted successfully
17:18:05.835 [main] INFO  testCases.TC_0002_RegisterNewAdmin - Clicked on My Account Icon and subsequently Logout Link
17:23:04.824 [main] INFO  testCases.TC_0001_EventCreateDelete - Username Entered
17:23:05.059 [main] INFO  testCases.TC_0001_EventCreateDelete - Password Entered
17:23:05.267 [main] INFO  testCases.TC_0001_EventCreateDelete - Clicked on Login Button
17:23:05.289 [main] INFO  testCases.TC_0001_EventCreateDelete - *** Starting TC_0001_Event_Creation_Deletion ***
17:23:08.280 [main] INFO  testCases.TC_0001_EventCreateDelete - Event Menu Clicked
17:23:08.456 [main] INFO  testCases.TC_0001_EventCreateDelete - Event List SubMenu Clicked
17:23:08.990 [main] INFO  testCases.TC_0001_EventCreateDelete - Clicked on Create Button in the Event List Page
17:23:11.157 [main] INFO  testCases.TC_0001_EventCreateDelete - Random Alphanumeric Event Name Entered
17:23:11.492 [main] INFO  testCases.TC_0001_EventCreateDelete - Today's Date Selected From Calender
17:23:11.770 [main] INFO  testCases.TC_0001_EventCreateDelete - Event Time Selected
17:23:17.159 [main] INFO  testCases.TC_0001_EventCreateDelete - Event Venue Added
17:23:22.533 [main] INFO  testCases.TC_0001_EventCreateDelete - Artist Name of the Event Added
17:23:27.687 [main] INFO  testCases.TC_0001_EventCreateDelete - Event is Saved Successfully
17:23:27.868 [main] INFO  testCases.TC_0001_EventCreateDelete - Clicked on Delete Button to Delete the Saved Event
17:23:28.661 [main] INFO  testCases.TC_0001_EventCreateDelete - Deletion of the Event is Confirmed
17:23:28.663 [main] INFO  testCases.TC_0001_EventCreateDelete - *** Finished TC_0001_Event_Creation_Deletion ***
17:23:31.005 [main] INFO  testCases.TC_0001_EventCreateDelete - Clicked on My Account Icon and subsequently Logout Link
17:23:44.350 [main] INFO  testCases.TC_0002_RegisterNewAdmin - Username Entered
17:23:44.607 [main] INFO  testCases.TC_0002_RegisterNewAdmin - Password Entered
17:23:44.826 [main] INFO  testCases.TC_0002_RegisterNewAdmin - Clicked on Login Button
17:23:45.780 [main] INFO  testCases.TC_0002_RegisterNewAdmin - *** Starting TC_0002_RegisterNewAdmin ***
17:23:54.240 [main] INFO  testCases.TC_0002_RegisterNewAdmin - Navigated to the Manager or Admin Page
17:23:55.364 [main] INFO  testCases.TC_0002_RegisterNewAdmin - Username is Set
17:23:55.490 [main] INFO  testCases.TC_0002_RegisterNewAdmin - Email is set
17:23:55.667 [main] INFO  testCases.TC_0002_RegisterNewAdmin - First Name is set
17:23:55.822 [main] INFO  testCases.TC_0002_RegisterNewAdmin - Last Name is set
17:23:56.009 [main] INFO  testCases.TC_0002_RegisterNewAdmin - Password is set
17:23:56.203 [main] INFO  testCases.TC_0002_RegisterNewAdmin - Password is reconfirmed
17:23:56.494 [main] INFO  testCases.TC_0002_RegisterNewAdmin - Authorization groups are selected
17:23:56.565 [main] INFO  testCases.TC_0002_RegisterNewAdmin - Admin Accont is created successfully
17:23:58.560 [main] INFO  testCases.TC_0002_RegisterNewAdmin - Admin is on administartion List page
17:23:58.680 [main] INFO  testCases.TC_0002_RegisterNewAdmin - Admin is searched using username on the administration list page
17:23:59.849 [main] INFO  testCases.TC_0002_RegisterNewAdmin - Newly created admin is deleted successfully
17:24:07.366 [main] INFO  testCases.TC_0002_RegisterNewAdmin - Clicked on My Account Icon and subsequently Logout Link
